<?xml version="1.0" encoding="UTF-8"?>
<!-- Generated by org.testng.reporters.JUnitReportReporter -->
<testsuite hostname="soc-5CG21221ZG" failures="0" tests="3" name="TestRunner.TestRunnerParallelFeatureFile$CucumberTest" time="302.249" errors="0" timestamp="2024-11-18T10:50:11 IST" skipped="0">
  <testcase classname="TestRunner.TestRunnerParallelFeatureFile$CucumberTest" name="runScenario" time="65.142"/>
  <testcase classname="TestRunner.TestRunnerParallelFeatureFile$CucumberTest" name="runScenario" time="169.477"/>
  <testcase classname="TestRunner.TestRunnerParallelFeatureFile$CucumberTest" name="runScenario" time="67.630"/>
</testsuite> <!-- TestRunner.TestRunnerParallelFeatureFile$CucumberTest -->
