<?xml version="1.0" encoding="UTF-8"?>
<!-- Generated by org.testng.reporters.JUnitReportReporter -->
<testsuite hostname="soc-5CG21221ZG" failures="0" tests="1" name="TestRunner.FaildRunner$CucumberTest" time="100.299" errors="0" timestamp="2024-11-11T16:21:01 IST" skipped="0">
  <testcase classname="TestRunner.FaildRunner$CucumberTest" name="runScenario" time="100.299"/>
</testsuite> <!-- TestRunner.FaildRunner$CucumberTest -->
